<?xml version="1.0" encoding="UTF-8"?>
<!-- Generated by org.testng.reporters.JUnitXMLReporter -->
<testsuite ignored="2" hostname="Vijaya-PC" failures="2" tests="5" name="Test" time="22.355" errors="0" timestamp="2021-03-10T10:33:56 PST">
  <testcase classname="webDriver.Class1" name="verifyGoogle" time="2.659"/>
  <testcase classname="webDriver.Class1" name="verifyYahoo" time="9.773"/>
  <testcase classname="webDriver.Class1" name="verifyGcrit" time="2.528"/>
  <testcase classname="webDriver.Class2" name="verifyICICI" time="0.002">
    <failure type="java.lang.NullPointerException" message="Cannot invoke &amp;quot;org.openqa.selenium.WebDriver.get(String)&amp;quot; because &amp;quot;this.driver&amp;quot; is null">
      <![CDATA[java.lang.NullPointerException: Cannot invoke "org.openqa.selenium.WebDriver.get(String)" because "this.driver" is null
at webDriver.Class2.verifyICICI(Class2.java:26)
at java.base/java.util.ArrayList.forEach(ArrayList.java:1511)
... Removed 27 stack frames]]>
    </failure>
  </testcase> <!-- verifyICICI -->
  <testcase classname="webDriver.Class2" name="verifyBoA" time="0.005">
    <failure type="java.lang.NullPointerException" message="Cannot invoke &amp;quot;org.openqa.selenium.WebDriver.get(String)&amp;quot; because &amp;quot;this.driver&amp;quot; is null">
      <![CDATA[java.lang.NullPointerException: Cannot invoke "org.openqa.selenium.WebDriver.get(String)" because "this.driver" is null
at webDriver.Class2.verifyBoA(Class2.java:20)
at java.base/java.util.ArrayList.forEach(ArrayList.java:1511)
... Removed 27 stack frames]]>
    </failure>
  </testcase> <!-- verifyBoA -->
  <testcase classname="webDriver.ClassParent" name="@BeforeTest launchBrowser" time="0.0">
    <ignored/>
  </testcase> <!-- @BeforeTest launchBrowser -->
  <testcase classname="webDriver.ClassParent" name="@AfterTest closeBrowser" time="0.0">
    <ignored/>
  </testcase> <!-- @AfterTest closeBrowser -->
</testsuite> <!-- Test -->
